<?xml version="1.0" encoding="UTF-8"?>
<testng-results skipped="0" failed="0" ignored="0" total="1" passed="1">
  <reporter-output>
  </reporter-output>
  <suite name="Parameter test Suite" duration-ms="53997" started-at="2018-02-18T16:09:44Z" finished-at="2018-02-18T16:10:38Z">
    <groups>
    </groups>
    <test name="Mob2" duration-ms="53997" started-at="2018-02-18T16:09:44Z" finished-at="2018-02-18T16:10:38Z">
      <class name="com.flowdrive.nativetest.Testcase_1">
        <test-method status="PASS" signature="beforeClass(java.lang.String, java.lang.String, java.lang.String, int, java.lang.String)[pri:0, instance:com.flowdrive.nativetest.Testcase_1@754ba872]" name="beforeClass" is-config="true" duration-ms="37126" started-at="2018-02-18T16:09:44Z" finished-at="2018-02-18T16:10:21Z">
          <params>
            <param index="0">
              <value>
                <![CDATA[0123456789ABCDEF]]>
              </value>
            </param>
            <param index="1">
              <value>
                <![CDATA[127.0.0.1:4723]]>
              </value>
            </param>
            <param index="2">
              <value>
                <![CDATA[5.0]]>
              </value>
            </param>
            <param index="3">
              <value>
                <![CDATA[4]]>
              </value>
            </param>
            <param index="4">
              <value>
                <![CDATA[FlowDrive]]>
              </value>
            </param>
          </params>
          <reporter-output>
          </reporter-output>
        </test-method> <!-- beforeClass -->
        <test-method status="PASS" signature="f()[pri:0, instance:com.flowdrive.nativetest.Testcase_1@754ba872]" name="f" duration-ms="15617" started-at="2018-02-18T16:10:21Z" finished-at="2018-02-18T16:10:37Z">
          <reporter-output>
          </reporter-output>
        </test-method> <!-- f -->
        <test-method status="PASS" signature="afterClass()[pri:0, instance:com.flowdrive.nativetest.Testcase_1@754ba872]" name="afterClass" is-config="true" duration-ms="1207" started-at="2018-02-18T16:10:37Z" finished-at="2018-02-18T16:10:38Z">
          <reporter-output>
          </reporter-output>
        </test-method> <!-- afterClass -->
      </class> <!-- com.flowdrive.nativetest.Testcase_1 -->
    </test> <!-- Mob2 -->
  </suite> <!-- Parameter test Suite -->
</testng-results>
