<?xml version="1.0" encoding="UTF-8"?>
<testng-results skipped="0" failed="0" ignored="0" total="1" passed="1">
  <reporter-output>
  </reporter-output>
  <suite name="Parameter test Suite" duration-ms="69595" started-at="2018-02-19T16:47:39Z" finished-at="2018-02-19T16:48:49Z">
    <groups>
    </groups>
    <test name="Mob2" duration-ms="69595" started-at="2018-02-19T16:47:39Z" finished-at="2018-02-19T16:48:49Z">
      <class name="com.flowdrive.nativetest.ValidateJourney">
        <test-method status="PASS" signature="beforeClass(java.lang.String, java.lang.String, java.lang.String, int, java.lang.String)[pri:0, instance:com.flowdrive.nativetest.ValidateJourney@5442a311]" name="beforeClass" is-config="true" duration-ms="35364" started-at="2018-02-19T22:17:39Z" finished-at="2018-02-19T22:18:15Z">
          <params>
            <param index="0">
              <value>
                <![CDATA[0123456789ABCDEF]]>
              </value>
            </param>
            <param index="1">
              <value>
                <![CDATA[127.0.0.1:4723]]>
              </value>
            </param>
            <param index="2">
              <value>
                <![CDATA[5.0]]>
              </value>
            </param>
            <param index="3">
              <value>
                <![CDATA[4]]>
              </value>
            </param>
            <param index="4">
              <value>
                <![CDATA[FlowDrive]]>
              </value>
            </param>
          </params>
          <reporter-output>
          </reporter-output>
        </test-method> <!-- beforeClass -->
        <test-method status="PASS" signature="f()[pri:0, instance:com.flowdrive.nativetest.ValidateJourney@5442a311]" name="f" duration-ms="33118" started-at="2018-02-19T22:18:15Z" finished-at="2018-02-19T22:18:48Z">
          <reporter-output>
          </reporter-output>
        </test-method> <!-- f -->
        <test-method status="PASS" signature="afterClass()[pri:0, instance:com.flowdrive.nativetest.ValidateJourney@5442a311]" name="afterClass" is-config="true" duration-ms="1093" started-at="2018-02-19T22:18:48Z" finished-at="2018-02-19T22:18:49Z">
          <reporter-output>
          </reporter-output>
        </test-method> <!-- afterClass -->
      </class> <!-- com.flowdrive.nativetest.ValidateJourney -->
    </test> <!-- Mob2 -->
  </suite> <!-- Parameter test Suite -->
</testng-results>
